<?xml version="1.0" encoding="UTF-8"?>
<testng-results ignored="0" total="4" passed="4" failed="0" skipped="0">
  <reporter-output>
  </reporter-output>
  <suite started-at="2021-12-09T09:35:54Z" name="Default suite" finished-at="2021-12-09T09:35:54Z" duration-ms="49">
    <groups>
    </groups>
    <test started-at="2021-12-09T09:35:54Z" name="Default test" finished-at="2021-12-09T09:35:54Z" duration-ms="49">
      <class name="Test.Sample_Maven_Project01.TC01Test">
        <test-method signature="amazonfashion()[pri:0, instance:Test.Sample_Maven_Project01.TC01Test@3116c353]" started-at="2021-12-09T15:05:54Z" name="amazonfashion" finished-at="2021-12-09T15:05:54Z" duration-ms="13" status="PASS">
          <reporter-output>
          </reporter-output>
        </test-method> <!-- amazonfashion -->
        <test-method signature="flipcartfashion()[pri:0, instance:Test.Sample_Maven_Project01.TC01Test@3116c353]" started-at="2021-12-09T15:05:54Z" name="flipcartfashion" finished-at="2021-12-09T15:05:54Z" duration-ms="3" status="PASS">
          <reporter-output>
          </reporter-output>
        </test-method> <!-- flipcartfashion -->
        <test-method signature="meeshofashion()[pri:0, instance:Test.Sample_Maven_Project01.TC01Test@3116c353]" started-at="2021-12-09T15:05:54Z" name="meeshofashion" finished-at="2021-12-09T15:05:54Z" duration-ms="3" status="PASS">
          <reporter-output>
          </reporter-output>
        </test-method> <!-- meeshofashion -->
        <test-method signature="myntrafashion()[pri:0, instance:Test.Sample_Maven_Project01.TC01Test@3116c353]" started-at="2021-12-09T15:05:54Z" name="myntrafashion" finished-at="2021-12-09T15:05:54Z" duration-ms="1" status="PASS">
          <reporter-output>
          </reporter-output>
        </test-method> <!-- myntrafashion -->
      </class> <!-- Test.Sample_Maven_Project01.TC01Test -->
    </test> <!-- Default test -->
  </suite> <!-- Default suite -->
</testng-results>
