<?xml version="1.0" encoding="UTF-8"?>
<!-- Generated by org.testng.reporters.JUnitXMLReporter -->
<testsuite ignored="0" hostname="DESKTOP-L3CQLB4" failures="0" tests="4" name="Default test" time="0.049" errors="0" timestamp="09 Dec 2021 09:35:54 GMT">
  <testcase classname="Test.Sample_Maven_Project01.TC01Test" name="amazonfashion" time="0.013"/>
  <testcase classname="Test.Sample_Maven_Project01.TC01Test" name="flipcartfashion" time="0.003"/>
  <testcase classname="Test.Sample_Maven_Project01.TC01Test" name="meeshofashion" time="0.003"/>
  <testcase classname="Test.Sample_Maven_Project01.TC01Test" name="myntrafashion" time="0.001"/>
</testsuite> <!-- Default test -->
